This is pdfTeX, Version 3.1415926-2.5-1.40.14 (MiKTeX 2.9) (preloaded format=pdflatex 2015.2.19)  2 MAY 2015 11:30
entering extended mode
**Tender2.tex
("C:\Users\Jandre\Documents\GitHub\Tenders\Tender2 - STR\Tender2.tex"
LaTeX2e <2011/06/27>
Babel <v3.8m> and hyphenation patterns for english, afrikaans, ancientgreek, ar
abic, armenian, assamese, basque, bengali, bokmal, bulgarian, catalan, coptic, 
croatian, czech, danish, dutch, esperanto, estonian, farsi, finnish, french, ga
lician, german, german-x-2013-05-26, greek, gujarati, hindi, hungarian, iceland
ic, indonesian, interlingua, irish, italian, kannada, kurmanji, latin, latvian,
 lithuanian, malayalam, marathi, mongolian, mongolianlmc, monogreek, ngerman, n
german-x-2013-05-26, nynorsk, oriya, panjabi, pinyin, polish, portuguese, roman
ian, russian, sanskrit, serbian, slovak, slovenian, spanish, swedish, swissgerm
an, tamil, telugu, turkish, turkmen, ukenglish, ukrainian, uppersorbian, usengl
ishmax, welsh, loaded.
("C:\Program Files (x86)\MiKTeX 2.9\tex\latex\base\article.cls"
Document Class: article 2007/10/19 v1.4h Standard LaTeX document class
("C:\Program Files (x86)\MiKTeX 2.9\tex\latex\base\size12.clo"
File: size12.clo 2007/10/19 v1.4h Standard LaTeX file (size option)
)
\c@part=\count79
\c@section=\count80
\c@subsection=\count81
\c@subsubsection=\count82
\c@paragraph=\count83
\c@subparagraph=\count84
\c@figure=\count85
\c@table=\count86
\abovecaptionskip=\skip41
\belowcaptionskip=\skip42
\bibindent=\dimen102
)
("C:\Program Files (x86)\MiKTeX 2.9\tex\latex\graphics\graphicx.sty"
Package: graphicx 1999/02/16 v1.0f Enhanced LaTeX Graphics (DPC,SPQR)

("C:\Program Files (x86)\MiKTeX 2.9\tex\latex\graphics\keyval.sty"
Package: keyval 1999/03/16 v1.13 key=value parser (DPC)
\KV@toks@=\toks14
)
("C:\Program Files (x86)\MiKTeX 2.9\tex\latex\graphics\graphics.sty"
Package: graphics 2009/02/05 v1.0o Standard LaTeX Graphics (DPC,SPQR)

("C:\Program Files (x86)\MiKTeX 2.9\tex\latex\graphics\trig.sty"
Package: trig 1999/03/16 v1.09 sin cos tan (DPC)
)
("C:\Program Files (x86)\MiKTeX 2.9\tex\latex\00miktex\graphics.cfg"
File: graphics.cfg 2007/01/18 v1.5 graphics configuration of teTeX/TeXLive
)
Package graphics Info: Driver file: pdftex.def on input line 91.

("C:\Program Files (x86)\MiKTeX 2.9\tex\latex\pdftex-def\pdftex.def"
File: pdftex.def 2011/05/27 v0.06d Graphics/color for pdfTeX

("C:\Program Files (x86)\MiKTeX 2.9\tex\generic\oberdiek\infwarerr.sty"
Package: infwarerr 2010/04/08 v1.3 Providing info/warning/error messages (HO)
)
("C:\Program Files (x86)\MiKTeX 2.9\tex\generic\oberdiek\ltxcmds.sty"
Package: ltxcmds 2011/11/09 v1.22 LaTeX kernel commands for general use (HO)
)
\Gread@gobject=\count87
))
\Gin@req@height=\dimen103
\Gin@req@width=\dimen104
)
("C:\Users\Jandre\Documents\GitHub\Tenders\Tender2 - STR\Tender2.aux")
LaTeX Font Info:    Checking defaults for OML/cmm/m/it on input line 7.
LaTeX Font Info:    ... okay on input line 7.
LaTeX Font Info:    Checking defaults for T1/cmr/m/n on input line 7.
LaTeX Font Info:    ... okay on input line 7.
LaTeX Font Info:    Checking defaults for OT1/cmr/m/n on input line 7.
LaTeX Font Info:    ... okay on input line 7.
LaTeX Font Info:    Checking defaults for OMS/cmsy/m/n on input line 7.
LaTeX Font Info:    ... okay on input line 7.
LaTeX Font Info:    Checking defaults for OMX/cmex/m/n on input line 7.
LaTeX Font Info:    ... okay on input line 7.
LaTeX Font Info:    Checking defaults for U/cmr/m/n on input line 7.
LaTeX Font Info:    ... okay on input line 7.

("C:\Program Files (x86)\MiKTeX 2.9\tex\context\base\supp-pdf.mkii"
[Loading MPS to PDF converter (version 2006.09.02).]
\scratchcounter=\count88
\scratchdimen=\dimen105
\scratchbox=\box26
\nofMPsegments=\count89
\nofMParguments=\count90
\everyMPshowfont=\toks15
\MPscratchCnt=\count91
\MPscratchDim=\dimen106
\MPnumerator=\count92
\makeMPintoPDFobject=\count93
\everyMPtoPDFconversion=\toks16
) ("C:\Users\Jandre\Documents\GitHub\Tenders\Tender2 - STR\TitlePage.tex"
<./Images/Group.jpg, id=1, 261.97874pt x 193.72375pt>
File: ./Images/Group.jpg Graphic file (type jpg)
 <use ./Images/Group.jpg>
Package pdftex.def Info: ./Images/Group.jpg used on input line 18.
(pdftex.def)             Requested size: 261.9781pt x 193.72327pt.

[1

{C:/ProgramData/MiKTeX/2.9/pdftex/config/pdftex.map} <C:/Users/Jandre/Documents
/GitHub/Tenders/Tender2 - STR/Images/Group.jpg>])
("C:\Users\Jandre\Documents\GitHub\Tenders\Tender2 - STR\Tender2.toc"
LaTeX Font Info:    External font `cmex10' loaded for size
(Font)              <12> on input line 2.
LaTeX Font Info:    External font `cmex10' loaded for size
(Font)              <8> on input line 2.
LaTeX Font Info:    External font `cmex10' loaded for size
(Font)              <6> on input line 2.
)
\tf@toc=\write3
 [1]
("C:\Users\Jandre\Documents\GitHub\Tenders\Tender2 - STR\Members\Edwin.tex"
<./Images/Edwin.jpg, id=13, 192.72pt x 266.49562pt>
File: ./Images/Edwin.jpg Graphic file (type jpg)
 <use ./Images/Edwin.jpg>
Package pdftex.def Info: ./Images/Edwin.jpg used on input line 5.
(pdftex.def)             Requested size: 96.35976pt x 133.24748pt.
LaTeX Font Info:    Try loading font information for OMS+cmr on input line 7.

("C:\Program Files (x86)\MiKTeX 2.9\tex\latex\base\omscmr.fd"
File: omscmr.fd 1999/05/25 v2.5h Standard LaTeX font definitions
)
LaTeX Font Info:    Font shape `OMS/cmr/m/n' in size <12> not available
(Font)              Font shape `OMS/cmsy/m/n' tried instead on input line 7.
) [2 <C:/Users/Jandre/Documents/GitHub/Tenders/Tender2 - STR/Images/Edwin.jpg>]

("C:\Users\Jandre\Documents\GitHub\Tenders\Tender2 - STR\Members\Jaco.tex"
<./Images/Jaco.jpg, id=18, 192.72pt x 251.43938pt>
File: ./Images/Jaco.jpg Graphic file (type jpg)
 <use ./Images/Jaco.jpg>
Package pdftex.def Info: ./Images/Jaco.jpg used on input line 5.
(pdftex.def)             Requested size: 96.35976pt x 125.71938pt.
)
[3 <C:/Users/Jandre/Documents/GitHub/Tenders/Tender2 - STR/Images/Jaco.jpg>]
("C:\Users\Jandre\Documents\GitHub\Tenders\Tender2 - STR\Members\Jandre.tex"
<./Images/Jandre.jpg, id=22, 192.72pt x 258.21469pt>
File: ./Images/Jandre.jpg Graphic file (type jpg)
 <use ./Images/Jandre.jpg>
Package pdftex.def Info: ./Images/Jandre.jpg used on input line 5.
(pdftex.def)             Requested size: 96.35976pt x 129.10703pt.
) [4 <C:/Users/Jandre/Documents/GitHub/Tenders/Tender2 - STR/Images/Jandre.jpg>
] ("C:\Users\Jandre\Documents\GitHub\Tenders\Tender2 - STR\Members\Maret.tex"
<./Images/Maret.jpg, id=26, 192.72pt x 249.93375pt>
File: ./Images/Maret.jpg Graphic file (type jpg)
 <use ./Images/Maret.jpg>
Package pdftex.def Info: ./Images/Maret.jpg used on input line 5.
(pdftex.def)             Requested size: 96.35976pt x 124.96657pt.
)
[5 <C:/Users/Jandre/Documents/GitHub/Tenders/Tender2 - STR/Images/Maret.jpg>]
("C:\Users\Jandre\Documents\GitHub\Tenders\Tender2 - STR\Members\Ryno.tex"
<./Images/Ryno.jpg, id=30, 192.72pt x 249.93375pt>
File: ./Images/Ryno.jpg Graphic file (type jpg)
 <use ./Images/Ryno.jpg>
Package pdftex.def Info: ./Images/Ryno.jpg used on input line 5.
(pdftex.def)             Requested size: 96.35976pt x 124.96657pt.
)
[6 <C:/Users/Jandre/Documents/GitHub/Tenders/Tender2 - STR/Images/Ryno.jpg>]
("C:\Users\Jandre\Documents\GitHub\Tenders\Tender2 - STR\Project.tex") [7]
("C:\Users\Jandre\Documents\GitHub\Tenders\Tender2 - STR\Tender2.aux") ) 
Here is how much of TeX's memory you used:
 1198 strings out of 493921
 17202 string characters out of 3144873
 65897 words of memory out of 3000000
 4503 multiletter control sequences out of 15000+200000
 8800 words of font info for 31 fonts, out of 3000000 for 9000
 841 hyphenation exceptions out of 8191
 27i,5n,20p,329b,226s stack positions out of 5000i,500n,10000p,200000b,50000s
<C:/Pro
gram Files (x86)/MiKTeX 2.9/fonts/type1/public/amsfonts/cm/cmbx12.pfb><C:/Progr
am Files (x86)/MiKTeX 2.9/fonts/type1/public/amsfonts/cm/cmr10.pfb><C:/Program 
Files (x86)/MiKTeX 2.9/fonts/type1/public/amsfonts/cm/cmr12.pfb><C:/Program Fil
es (x86)/MiKTeX 2.9/fonts/type1/public/amsfonts/cm/cmr17.pfb><C:/Program Files 
(x86)/MiKTeX 2.9/fonts/type1/public/amsfonts/cm/cmsy10.pfb>
Output written on Tender2.pdf (8 pages, 134002 bytes).
PDF statistics:
 55 PDF objects out of 1000 (max. 8388607)
 0 named destinations out of 1000 (max. 500000)
 31 words of extra memory for PDF output out of 10000 (max. 10000000)

